This is pdfTeX, Version 3.14159265-2.6-1.40.18 (TeX Live 2017) (preloaded format=pdflatex 2017.5.23)  22 OCT 2019 21:11
entering extended mode
 restricted \write18 enabled.
 file:line:error style messages enabled.
 %&-line parsing enabled.
**main.tex
(./main.tex
LaTeX2e <2017-04-15>
Babel <3.10> and hyphenation patterns for 84 language(s) loaded.
(/usr/local/texlive/2017/texmf-dist/tex/latex/base/article.cls
Document Class: article 2014/09/29 v1.4h Standard LaTeX document class
(/usr/local/texlive/2017/texmf-dist/tex/latex/base/size10.clo
File: size10.clo 2014/09/29 v1.4h Standard LaTeX file (size option)
)
\c@part=\count79
\c@section=\count80
\c@subsection=\count81
\c@subsubsection=\count82
\c@paragraph=\count83
\c@subparagraph=\count84
\c@figure=\count85
\c@table=\count86
\abovecaptionskip=\skip41
\belowcaptionskip=\skip42
\bibindent=\dimen102
)
(/usr/local/texlive/2017/texmf-dist/tex/latex/geometry/geometry.sty
Package: geometry 2010/09/12 v5.6 Page Geometry

(/usr/local/texlive/2017/texmf-dist/tex/latex/graphics/keyval.sty
Package: keyval 2014/10/28 v1.15 key=value parser (DPC)
\KV@toks@=\toks14
)
(/usr/local/texlive/2017/texmf-dist/tex/generic/oberdiek/ifpdf.sty
Package: ifpdf 2017/03/15 v3.2 Provides the ifpdf switch
)
(/usr/local/texlive/2017/texmf-dist/tex/generic/oberdiek/ifvtex.sty
Package: ifvtex 2016/05/16 v1.6 Detect VTeX and its facilities (HO)
Package ifvtex Info: VTeX not detected.
)
(/usr/local/texlive/2017/texmf-dist/tex/generic/ifxetex/ifxetex.sty
Package: ifxetex 2010/09/12 v0.6 Provides ifxetex conditional
)
\Gm@cnth=\count87
\Gm@cntv=\count88
\c@Gm@tempcnt=\count89
\Gm@bindingoffset=\dimen103
\Gm@wd@mp=\dimen104
\Gm@odd@mp=\dimen105
\Gm@even@mp=\dimen106
\Gm@layoutwidth=\dimen107
\Gm@layoutheight=\dimen108
\Gm@layouthoffset=\dimen109
\Gm@layoutvoffset=\dimen110
\Gm@dimlist=\toks15
)
(/usr/local/texlive/2017/texmf-dist/tex/latex/parskip/parskip.sty
Package: parskip 2001/04/09 non-zero parskip adjustments
)
(/usr/local/texlive/2017/texmf-dist/tex/latex/amscls/amsthm.sty
Package: amsthm 2015/03/04 v2.20.2
\thm@style=\toks16
\thm@bodyfont=\toks17
\thm@headfont=\toks18
\thm@notefont=\toks19
\thm@headpunct=\toks20
\thm@preskip=\skip43
\thm@postskip=\skip44
\thm@headsep=\skip45
\dth@everypar=\toks21
)
(/usr/local/texlive/2017/texmf-dist/tex/latex/amsmath/amsmath.sty
Package: amsmath 2016/11/05 v2.16a AMS math features
\@mathmargin=\skip46

For additional information on amsmath, use the `?' option.
(/usr/local/texlive/2017/texmf-dist/tex/latex/amsmath/amstext.sty
Package: amstext 2000/06/29 v2.01 AMS text

(/usr/local/texlive/2017/texmf-dist/tex/latex/amsmath/amsgen.sty
File: amsgen.sty 1999/11/30 v2.0 generic functions
\@emptytoks=\toks22
\ex@=\dimen111
))
(/usr/local/texlive/2017/texmf-dist/tex/latex/amsmath/amsbsy.sty
Package: amsbsy 1999/11/29 v1.2d Bold Symbols
\pmbraise@=\dimen112
)
(/usr/local/texlive/2017/texmf-dist/tex/latex/amsmath/amsopn.sty
Package: amsopn 2016/03/08 v2.02 operator names
)
\inf@bad=\count90
LaTeX Info: Redefining \frac on input line 213.
\uproot@=\count91
\leftroot@=\count92
LaTeX Info: Redefining \overline on input line 375.
\classnum@=\count93
\DOTSCASE@=\count94
LaTeX Info: Redefining \ldots on input line 472.
LaTeX Info: Redefining \dots on input line 475.
LaTeX Info: Redefining \cdots on input line 596.
\Mathstrutbox@=\box26
\strutbox@=\box27
\big@size=\dimen113
LaTeX Font Info:    Redeclaring font encoding OML on input line 712.
LaTeX Font Info:    Redeclaring font encoding OMS on input line 713.
\macc@depth=\count95
\c@MaxMatrixCols=\count96
\dotsspace@=\muskip10
\c@parentequation=\count97
\dspbrk@lvl=\count98
\tag@help=\toks23
\row@=\count99
\column@=\count100
\maxfields@=\count101
\andhelp@=\toks24
\eqnshift@=\dimen114
\alignsep@=\dimen115
\tagshift@=\dimen116
\tagwidth@=\dimen117
\totwidth@=\dimen118
\lineht@=\dimen119
\@envbody=\toks25
\multlinegap=\skip47
\multlinetaggap=\skip48
\mathdisplay@stack=\toks26
LaTeX Info: Redefining \[ on input line 2817.
LaTeX Info: Redefining \] on input line 2818.
)
(/usr/local/texlive/2017/texmf-dist/tex/latex/amsfonts/amssymb.sty
Package: amssymb 2013/01/14 v3.01 AMS font symbols

(/usr/local/texlive/2017/texmf-dist/tex/latex/amsfonts/amsfonts.sty
Package: amsfonts 2013/01/14 v3.01 Basic AMSFonts support
\symAMSa=\mathgroup4
\symAMSb=\mathgroup5
LaTeX Font Info:    Overwriting math alphabet `\mathfrak' in version `bold'
(Font)                  U/euf/m/n --> U/euf/b/n on input line 106.
))
(/usr/local/texlive/2017/texmf-dist/tex/latex/was/gensymb.sty
Package: gensymb 2003/07/02 v1.0 (WaS)
)
(/usr/local/texlive/2017/texmf-dist/tex/latex/graphics/graphicx.sty
Package: graphicx 2014/10/28 v1.0g Enhanced LaTeX Graphics (DPC,SPQR)

(/usr/local/texlive/2017/texmf-dist/tex/latex/graphics/graphics.sty
Package: graphics 2017/04/14 v1.1b Standard LaTeX Graphics (DPC,SPQR)

(/usr/local/texlive/2017/texmf-dist/tex/latex/graphics/trig.sty
Package: trig 2016/01/03 v1.10 sin cos tan (DPC)
)
(/usr/local/texlive/2017/texmf-dist/tex/latex/graphics-cfg/graphics.cfg
File: graphics.cfg 2016/06/04 v1.11 sample graphics configuration
)
Package graphics Info: Driver file: pdftex.def on input line 99.

(/usr/local/texlive/2017/texmf-dist/tex/latex/graphics-def/pdftex.def
File: pdftex.def 2017/01/12 v0.06k Graphics/color for pdfTeX

(/usr/local/texlive/2017/texmf-dist/tex/generic/oberdiek/infwarerr.sty
Package: infwarerr 2016/05/16 v1.4 Providing info/warning/error messages (HO)
)
(/usr/local/texlive/2017/texmf-dist/tex/generic/oberdiek/ltxcmds.sty
Package: ltxcmds 2016/05/16 v1.23 LaTeX kernel commands for general use (HO)
)
\Gread@gobject=\count102
))
\Gin@req@height=\dimen120
\Gin@req@width=\dimen121
)
(/usr/local/texlive/2017/texmf-dist/tex/latex/hyperref/hyperref.sty
Package: hyperref 2017/03/14 v6.85a Hypertext links for LaTeX

(/usr/local/texlive/2017/texmf-dist/tex/generic/oberdiek/hobsub-hyperref.sty
Package: hobsub-hyperref 2016/05/16 v1.14 Bundle oberdiek, subset hyperref (HO)


(/usr/local/texlive/2017/texmf-dist/tex/generic/oberdiek/hobsub-generic.sty
Package: hobsub-generic 2016/05/16 v1.14 Bundle oberdiek, subset generic (HO)
Package: hobsub 2016/05/16 v1.14 Construct package bundles (HO)
Package hobsub Info: Skipping package `infwarerr' (already loaded).
Package hobsub Info: Skipping package `ltxcmds' (already loaded).
Package: ifluatex 2016/05/16 v1.4 Provides the ifluatex switch (HO)
Package ifluatex Info: LuaTeX not detected.
Package hobsub Info: Skipping package `ifvtex' (already loaded).
Package: intcalc 2016/05/16 v1.2 Expandable calculations with integers (HO)
Package hobsub Info: Skipping package `ifpdf' (already loaded).
Package: etexcmds 2016/05/16 v1.6 Avoid name clashes with e-TeX commands (HO)
Package etexcmds Info: Could not find \expanded.
(etexcmds)             That can mean that you are not using pdfTeX 1.50 or
(etexcmds)             that some package has redefined \expanded.
(etexcmds)             In the latter case, load this package earlier.
Package: kvsetkeys 2016/05/16 v1.17 Key value parser (HO)
Package: kvdefinekeys 2016/05/16 v1.4 Define keys (HO)
Package: pdftexcmds 2017/03/19 v0.25 Utility functions of pdfTeX for LuaTeX (HO
)
Package pdftexcmds Info: LuaTeX not detected.
Package pdftexcmds Info: \pdf@primitive is available.
Package pdftexcmds Info: \pdf@ifprimitive is available.
Package pdftexcmds Info: \pdfdraftmode found.
Package: pdfescape 2016/05/16 v1.14 Implements pdfTeX's escape features (HO)
Package: bigintcalc 2016/05/16 v1.4 Expandable calculations on big integers (HO
)
Package: bitset 2016/05/16 v1.2 Handle bit-vector datatype (HO)
Package: uniquecounter 2016/05/16 v1.3 Provide unlimited unique counter (HO)
)
Package hobsub Info: Skipping package `hobsub' (already loaded).
Package: letltxmacro 2016/05/16 v1.5 Let assignment for LaTeX macros (HO)
Package: hopatch 2016/05/16 v1.3 Wrapper for package hooks (HO)
Package: xcolor-patch 2016/05/16 xcolor patch
Package: atveryend 2016/05/16 v1.9 Hooks at the very end of document (HO)
Package atveryend Info: \enddocument detected (standard20110627).
Package: atbegshi 2016/06/09 v1.18 At begin shipout hook (HO)
Package: refcount 2016/05/16 v3.5 Data extraction from label references (HO)
Package: hycolor 2016/05/16 v1.8 Color options for hyperref/bookmark (HO)
)
(/usr/local/texlive/2017/texmf-dist/tex/latex/oberdiek/auxhook.sty
Package: auxhook 2016/05/16 v1.4 Hooks for auxiliary files (HO)
)
(/usr/local/texlive/2017/texmf-dist/tex/latex/oberdiek/kvoptions.sty
Package: kvoptions 2016/05/16 v3.12 Key value format for package options (HO)
)
\@linkdim=\dimen122
\Hy@linkcounter=\count103
\Hy@pagecounter=\count104

(/usr/local/texlive/2017/texmf-dist/tex/latex/hyperref/pd1enc.def
File: pd1enc.def 2017/03/14 v6.85a Hyperref: PDFDocEncoding definition (HO)
)
\Hy@SavedSpaceFactor=\count105

(/usr/local/texlive/2017/texmf-dist/tex/latex/latexconfig/hyperref.cfg
File: hyperref.cfg 2002/06/06 v1.2 hyperref configuration of TeXLive
)
Package hyperref Info: Hyper figures OFF on input line 4498.
Package hyperref Info: Link nesting OFF on input line 4503.
Package hyperref Info: Hyper index ON on input line 4506.
Package hyperref Info: Plain pages OFF on input line 4513.
Package hyperref Info: Backreferencing OFF on input line 4518.
Package hyperref Info: Implicit mode ON; LaTeX internals redefined.
Package hyperref Info: Bookmarks ON on input line 4751.
\c@Hy@tempcnt=\count106

(/usr/local/texlive/2017/texmf-dist/tex/latex/url/url.sty
\Urlmuskip=\muskip11
Package: url 2013/09/16  ver 3.4  Verb mode for urls, etc.
)
LaTeX Info: Redefining \url on input line 5104.
\XeTeXLinkMargin=\dimen123
\Fld@menulength=\count107
\Field@Width=\dimen124
\Fld@charsize=\dimen125
Package hyperref Info: Hyper figures OFF on input line 6358.
Package hyperref Info: Link nesting OFF on input line 6363.
Package hyperref Info: Hyper index ON on input line 6366.
Package hyperref Info: backreferencing OFF on input line 6373.
Package hyperref Info: Link coloring OFF on input line 6378.
Package hyperref Info: Link coloring with OCG OFF on input line 6383.
Package hyperref Info: PDF/A mode OFF on input line 6388.
LaTeX Info: Redefining \ref on input line 6428.
LaTeX Info: Redefining \pageref on input line 6432.
\Hy@abspage=\count108
\c@Item=\count109
\c@Hfootnote=\count110
)

Package hyperref Message: Driver (autodetected): hpdftex.

(/usr/local/texlive/2017/texmf-dist/tex/latex/hyperref/hpdftex.def
File: hpdftex.def 2017/03/14 v6.85a Hyperref driver for pdfTeX
\Fld@listcount=\count111
\c@bookmark@seq@number=\count112

(/usr/local/texlive/2017/texmf-dist/tex/latex/oberdiek/rerunfilecheck.sty
Package: rerunfilecheck 2016/05/16 v1.8 Rerun checks for auxiliary files (HO)
Package uniquecounter Info: New unique counter `rerunfilecheck' on input line 2
82.
)
\Hy@SectionHShift=\skip49
)
(/usr/local/texlive/2017/texmf-dist/tex/latex/tools/enumerate.sty
Package: enumerate 2015/07/23 v3.00 enumerate extensions (DPC)
\@enLab=\toks27
)
(/usr/local/texlive/2017/texmf-dist/tex/latex/booktabs/booktabs.sty
Package: booktabs 2016/04/27 v1.618033 publication quality tables
\heavyrulewidth=\dimen126
\lightrulewidth=\dimen127
\cmidrulewidth=\dimen128
\belowrulesep=\dimen129
\belowbottomsep=\dimen130
\aboverulesep=\dimen131
\abovetopsep=\dimen132
\cmidrulesep=\dimen133
\cmidrulekern=\dimen134
\defaultaddspace=\dimen135
\@cmidla=\count113
\@cmidlb=\count114
\@aboverulesep=\dimen136
\@belowrulesep=\dimen137
\@thisruleclass=\count115
\@lastruleclass=\count116
\@thisrulewidth=\dimen138
)
(/usr/local/texlive/2017/texmf-dist/tex/latex/caption/caption.sty
Package: caption 2016/02/21 v3.3-144 Customizing captions (AR)

(/usr/local/texlive/2017/texmf-dist/tex/latex/caption/caption3.sty
Package: caption3 2016/05/22 v1.7-166 caption3 kernel (AR)
Package caption3 Info: TeX engine: e-TeX on input line 67.
\captionmargin=\dimen139
\captionmargin@=\dimen140
\captionwidth=\dimen141
\caption@tempdima=\dimen142
\caption@indent=\dimen143
\caption@parindent=\dimen144
\caption@hangindent=\dimen145
)
\c@ContinuedFloat=\count117
Package caption Info: hyperref package is loaded.
)
(/usr/local/texlive/2017/texmf-dist/tex/latex/listings/listings.sty
\lst@mode=\count118
\lst@gtempboxa=\box28
\lst@token=\toks28
\lst@length=\count119
\lst@currlwidth=\dimen146
\lst@column=\count120
\lst@pos=\count121
\lst@lostspace=\dimen147
\lst@width=\dimen148
\lst@newlines=\count122
\lst@lineno=\count123
\lst@maxwidth=\dimen149

(/usr/local/texlive/2017/texmf-dist/tex/latex/listings/lstmisc.sty
File: lstmisc.sty 2015/06/04 1.6 (Carsten Heinz)
\c@lstnumber=\count124
\lst@skipnumbers=\count125
\lst@framebox=\box29
)
(/usr/local/texlive/2017/texmf-dist/tex/latex/listings/listings.cfg
File: listings.cfg 2015/06/04 1.6 listings configuration
))
Package: listings 2015/06/04 1.6 (Carsten Heinz)

(/usr/local/texlive/2017/texmf-dist/tex/latex/graphics/color.sty
Package: color 2016/07/10 v1.1e Standard LaTeX Color (DPC)

(/usr/local/texlive/2017/texmf-dist/tex/latex/graphics-cfg/color.cfg
File: color.cfg 2016/01/02 v1.6 sample color configuration
)
Package color Info: Driver file: pdftex.def on input line 147.
)
Package hyperref Info: Option `colorlinks' set `true' on input line 61.

(./main.aux)
\openout1 = `main.aux'.

LaTeX Font Info:    Checking defaults for OML/cmm/m/it on input line 90.
LaTeX Font Info:    ... okay on input line 90.
LaTeX Font Info:    Checking defaults for T1/cmr/m/n on input line 90.
LaTeX Font Info:    ... okay on input line 90.
LaTeX Font Info:    Checking defaults for OT1/cmr/m/n on input line 90.
LaTeX Font Info:    ... okay on input line 90.
LaTeX Font Info:    Checking defaults for OMS/cmsy/m/n on input line 90.
LaTeX Font Info:    ... okay on input line 90.
LaTeX Font Info:    Checking defaults for OMX/cmex/m/n on input line 90.
LaTeX Font Info:    ... okay on input line 90.
LaTeX Font Info:    Checking defaults for U/cmr/m/n on input line 90.
LaTeX Font Info:    ... okay on input line 90.
LaTeX Font Info:    Checking defaults for PD1/pdf/m/n on input line 90.
LaTeX Font Info:    ... okay on input line 90.

*geometry* driver: auto-detecting
*geometry* detected driver: pdftex
*geometry* verbose mode - [ preamble ] result:
* driver: pdftex
* paper: letterpaper
* layout: <same size as paper>
* layoutoffset:(h,v)=(0.0pt,0.0pt)
* modes: 
* h-part:(L,W,R)=(54.2025pt, 505.89pt, 54.2025pt)
* v-part:(T,H,B)=(54.2025pt, 686.56499pt, 54.2025pt)
* \paperwidth=614.295pt
* \paperheight=794.96999pt
* \textwidth=505.89pt
* \textheight=686.56499pt
* \oddsidemargin=-18.06749pt
* \evensidemargin=-18.06749pt
* \topmargin=-55.06749pt
* \headheight=12.0pt
* \headsep=25.0pt
* \topskip=10.0pt
* \footskip=30.0pt
* \marginparwidth=65.0pt
* \marginparsep=11.0pt
* \columnsep=10.0pt
* \skip\footins=9.0pt plus 4.0pt minus 2.0pt
* \hoffset=0.0pt
* \voffset=0.0pt
* \mag=1000
* \@twocolumnfalse
* \@twosidefalse
* \@mparswitchfalse
* \@reversemarginfalse
* (1in=72.27pt=25.4mm, 1cm=28.453pt)

LaTeX Info: Redefining \celsius on input line 90.
Package gensymb Info: Faking symbols for \degree and \celsius on input line 90.


Package gensymb Warning: Not defining \perthousand.

LaTeX Info: Redefining \ohm on input line 90.
Package gensymb Info: Using \Omega for \ohm on input line 90.

Package gensymb Warning: Not defining \micro.

(/usr/local/texlive/2017/texmf-dist/tex/context/base/mkii/supp-pdf.mkii
[Loading MPS to PDF converter (version 2006.09.02).]
\scratchcounter=\count126
\scratchdimen=\dimen150
\scratchbox=\box30
\nofMPsegments=\count127
\nofMParguments=\count128
\everyMPshowfont=\toks29
\MPscratchCnt=\count129
\MPscratchDim=\dimen151
\MPnumerator=\count130
\makeMPintoPDFobject=\count131
\everyMPtoPDFconversion=\toks30
) (/usr/local/texlive/2017/texmf-dist/tex/latex/oberdiek/epstopdf-base.sty
Package: epstopdf-base 2016/05/15 v2.6 Base part for package epstopdf

(/usr/local/texlive/2017/texmf-dist/tex/latex/oberdiek/grfext.sty
Package: grfext 2016/05/16 v1.2 Manage graphics extensions (HO)
)
Package epstopdf-base Info: Redefining graphics rule for `.eps' on input line 4
38.
Package grfext Info: Graphics extension search list:
(grfext)             [.png,.pdf,.jpg,.mps,.jpeg,.jbig2,.jb2,.PNG,.PDF,.JPG,.JPE
G,.JBIG2,.JB2,.eps]
(grfext)             \AppendGraphicsExtensions on input line 456.

(/usr/local/texlive/2017/texmf-dist/tex/latex/latexconfig/epstopdf-sys.cfg
File: epstopdf-sys.cfg 2010/07/13 v1.3 Configuration of (r)epstopdf for TeX Liv
e
))
\AtBeginShipoutBox=\box31
Package hyperref Info: Link coloring ON on input line 90.

(/usr/local/texlive/2017/texmf-dist/tex/latex/hyperref/nameref.sty
Package: nameref 2016/05/21 v2.44 Cross-referencing by name of section

(/usr/local/texlive/2017/texmf-dist/tex/generic/oberdiek/gettitlestring.sty
Package: gettitlestring 2016/05/16 v1.5 Cleanup title references (HO)
)
\c@section@level=\count132
)
LaTeX Info: Redefining \ref on input line 90.
LaTeX Info: Redefining \pageref on input line 90.
LaTeX Info: Redefining \nameref on input line 90.

(./main.out) (./main.out)
\@outlinefile=\write3
\openout3 = `main.out'.

Package caption Info: Begin \AtBeginDocument code.
Package caption Info: listings package is loaded.
Package caption Info: End \AtBeginDocument code.
\c@lstlisting=\count133
 (./main.toc
LaTeX Font Info:    Try loading font information for U+msa on input line 6.

(/usr/local/texlive/2017/texmf-dist/tex/latex/amsfonts/umsa.fd
File: umsa.fd 2013/01/14 v3.01 AMS symbols A
)
LaTeX Font Info:    Try loading font information for U+msb on input line 6.

(/usr/local/texlive/2017/texmf-dist/tex/latex/amsfonts/umsb.fd
File: umsb.fd 2013/01/14 v3.01 AMS symbols B
) [1

{/usr/local/texlive/2017/texmf-var/fonts/map/pdftex/updmap/pdftex.map}])
\tf@toc=\write4
\openout4 = `main.toc'.

 [2]
LaTeX Font Info:    Try loading font information for OMS+cmr on input line 125.


(/usr/local/texlive/2017/texmf-dist/tex/latex/base/omscmr.fd
File: omscmr.fd 2014/09/29 v2.5h Standard LaTeX font definitions
)
LaTeX Font Info:    Font shape `OMS/cmr/m/n' in size <10> not available
(Font)              Font shape `OMS/cmsy/m/n' tried instead on input line 125.

Overfull \hbox (185.51363pt too wide) in paragraph at lines 179--181
[]\OT1/cmr/m/n/10 Josh's novem-ber com-mit - hy-brid rie-mann solver. [][]$\OT1
/cmtt/m/n/10 https : / / bitbucket . org / joshuawall / flash4 . 5 / commits / 
bc708aa9d27dfc04741bb8f21c007b27cf8f033b #
 []

[3]
Overfull \hbox (186.47272pt too wide) in paragraph at lines 254--257
[]\OT1/cmr/m/n/10 Unsplit solver ref-er-ences: https://ui.adsabs.harvard.edu/ab
s/2009JCoPh.228..952L/abstract https://ui.adsabs.harvard.edu/abs/2013JCoPh.243.
.269L/abstract 
 []

[4] (/usr/local/texlive/2017/texmf-dist/tex/latex/listings/lstlang1.sty
File: lstlang1.sty 2015/06/04 1.6 listings language file
)
(/usr/local/texlive/2017/texmf-dist/tex/latex/listings/lstlang1.sty
File: lstlang1.sty 2015/06/04 1.6 listings language file
) [5]
[6] [7] <fig/recombination_case_b.pdf, id=379, 452.69737pt x 337.84204pt>
File: fig/recombination_case_b.pdf Graphic file (type pdf)

<use fig/recombination_case_b.pdf>
Package pdftex.def Info: fig/recombination_case_b.pdf used on input line 575.
(pdftex.def)             Requested size: 252.94499pt x 188.77267pt.
 [8 <./fig/recombination_case_b.pdf>]
Overfull \hbox (60.49268pt too wide) in paragraph at lines 636--639
\OT1/cmr/m/n/10 Like ion-iza-tion, heat/-cool is in-ti-mately tied to ra-di-a-t
ion trans-fer. Lo-ca-tion: \OT1/cmtt/m/n/10 HeatMain/HeatCool/phenHeat/mol[]and
[]dust/solver\OT1/cmr/m/n/10 .
 []

[9] [10]
Overfull \hbox (45.87256pt too wide) in paragraph at lines 789--795
\OT1/cmr/m/n/10 with $\OML/cmm/m/it/10 G \OT1/cmr/m/n/10 = \OML/cmm/m/it/10 G[]
e[]$\OT1/cmr/m/n/10 . Joung,MMML (2006) adopt $\OML/cmm/m/it/10 G[] \OT1/cmr/m/
n/10 = 1\OML/cmm/m/it/10 :\OT1/cmr/m/n/10 7$ and $\OML/cmm/m/it/10 ^^O \OT1/cmr
/m/n/10 = 0\OML/cmm/m/it/10 :\OT1/cmr/m/n/10 05$, yield-ing $^^@[]\OML/cmm/m/it
/10 =n \OT1/cmr/m/n/10 = 0\OML/cmm/m/it/10 :\OT1/cmr/m/n/10 85 \OMS/cmsy/m/n/10
 ^^B \OT1/cmr/m/n/10 10[] []$.
 []

<fig/pe_heating.pdf, id=463, 1077.26122pt x 352.29607pt>
File: fig/pe_heating.pdf Graphic file (type pdf)

<use fig/pe_heating.pdf>
Package pdftex.def Info: fig/pe_heating.pdf used on input line 855.
(pdftex.def)             Requested size: 505.89pt x 165.43939pt.
 [11]
<fig/pe_heating_expressions.pdf, id=468, 1077.26122pt x 352.29607pt>
File: fig/pe_heating_expressions.pdf Graphic file (type pdf)

<use fig/pe_heating_expressions.pdf>
Package pdftex.def Info: fig/pe_heating_expressions.pdf used on input line 879.

(pdftex.def)             Requested size: 404.71353pt x 132.3526pt.

<fig/gas_atomic_cool.png, id=469, 1184.425pt x 939.51pt>
File: fig/gas_atomic_cool.png Graphic file (type png)

<use fig/gas_atomic_cool.png>
Package pdftex.def Info: fig/gas_atomic_cool.png used on input line 891.
(pdftex.def)             Requested size: 404.71353pt x 321.02045pt.
 [12 <./fig/pe_heating.pdf> <./fig/pe_heating_expressions.pdf

pdfTeX warning: /Library/TeX/texbin/pdflatex (file ./fig/pe_heating_expressions
.pdf): PDF inclusion: multiple pdfs with page group included in a single page
>] <fig/gas_cool.pdf, id=582, 452.08047pt x 335.69899pt>
File: fig/gas_cool.pdf Graphic file (type pdf)

<use fig/gas_cool.pdf>
Package pdftex.def Info: fig/gas_cool.pdf used on input line 968.
(pdftex.def)             Requested size: 252.94499pt x 187.82622pt.
 [13 <./fig/gas_atomic_cool.png>] [14 <./fig/gas_cool.pdf>] <fig/dust_opacity.p
df, id=644, 455.97629pt x 337.84204pt>
File: fig/dust_opacity.pdf Graphic file (type pdf)

<use fig/dust_opacity.pdf>
Package pdftex.def Info: fig/dust_opacity.pdf used on input line 1054.
(pdftex.def)             Requested size: 252.94499pt x 187.41174pt.

<fig/dust_heat_cool_Tgas10.pdf, id=648, 982.5649pt x 715.1405pt>
File: fig/dust_heat_cool_Tgas10.pdf Graphic file (type pdf)

<use fig/dust_heat_cool_Tgas10.pdf>
Package pdftex.def Info: fig/dust_heat_cool_Tgas10.pdf used on input line 1073.

(pdftex.def)             Requested size: 430.00958pt x 312.9714pt.

<fig/dust_heat_cool_Tgas10000.pdf, id=649, 982.5649pt x 715.1405pt>
File: fig/dust_heat_cool_Tgas10000.pdf Graphic file (type pdf)

<use fig/dust_heat_cool_Tgas10000.pdf>
Package pdftex.def Info: fig/dust_heat_cool_Tgas10000.pdf used on input line 10
74.
(pdftex.def)             Requested size: 430.00958pt x 312.9714pt.
 [15 <./fig/dust_opacity.pdf>] [16 <./fig/dust_heat_cool_Tgas10.pdf> <./fig/dus
t_heat_cool_Tgas10000.pdf

pdfTeX warning: /Library/TeX/texbin/pdflatex (file ./fig/dust_heat_cool_Tgas100
00.pdf): PDF inclusion: multiple pdfs with page group included in a single page

>] [17]
Underfull \hbox (badness 10000) in paragraph at lines 1222--1235

 []

[18] [19] [20] [21] [22]
Overfull \hbox (7.52315pt too wide) in paragraph at lines 1673--1675
[]\OT1/cmr/m/n/10 Config file di-rec-tives: [][]$\OT1/cmtt/m/n/10 http : / / fl
ash . uchicago . edu / site / flashcode / user _ support / flash4 _ ug _ 4p5 / 
node35 . html #
 []


Overfull \hbox (22.81879pt too wide) in paragraph at lines 1676--1680
\OT1/cmr/m/n/10 21. Visit [][]$\OT1/cmtt/m/n/10 https : / / web . archive . org
 / web / * / http : / / www . physics . drexel . edu / []olson / paramesh-[]doc
 / Users _ manual /
 []


Overfull \hbox (11.42702pt too wide) in paragraph at lines 1704--1708
[]\OT1/cmr/m/n/10 We are fol-low-ing the Git fork-ing work-flow, see: [][]$\OT1
/cmtt/m/n/10 https : / / www . atlassian . com / git / tutorials / comparing-[]
workflows /
 []


Overfull \hbox (20.10641pt too wide) in paragraph at lines 1732--1734
[]\OT1/cmr/m/n/10 checkerboard B field struc-ture with USM: [][]$\OT1/cmtt/m/n/
10 http : / / flash . uchicago . edu / pipermail / flash-[]users / 2017-[]Octob
er /
 []

Missing character: There is no â in font cmtt10!
Missing character: There is no € in font cmtt10!
Missing character: There is no ˜ in font cmtt10!
Missing character: There is no â in font cmtt10!
Missing character: There is no € in font cmtt10!
Missing character: There is no ™ in font cmtt10!
Missing character: There is no â in font cmtt10!
Missing character: There is no € in font cmtt10!
Missing character: There is no ˜ in font cmtt10!
Missing character: There is no â in font cmtt10!
Missing character: There is no € in font cmtt10!
Missing character: There is no ™ in font cmtt10!

Overfull \hbox (8.60551pt too wide) in paragraph at lines 1757--1757
[]\OT1/cmtt/m/n/10 io_h5_report_xfer_method.c:105:26: error: H5D_MPIO_FILTERS u
ndeclared (first use in this function)[] 
 []


Overfull \hbox (80.3969pt too wide) in paragraph at lines 1759--1762
[]\OT1/cmtt/m/n/10 H5D[]MPIO[]FILTERS \OT1/cmr/m/n/10 was re-moved??? in HDF5 1
.10.2??? [][]$\OT1/cmtt/m/n/10 https : / / github . com / hhoeflin / hdf5r / is
sues / 97 # issuecomment-[]422478916$[][]
 []

[23]
Overfull \hbox (13.85547pt too wide) in paragraph at lines 1819--1819
[]\OT1/cmtt/m/n/10 PHIO_VAR    photoionization rate [1/s],                     
 ParticlesMain/ray_pe/MultiSourceSimple[] 
 []


Overfull \hbox (13.85547pt too wide) in paragraph at lines 1819--1819
[]\OT1/cmtt/m/n/10 PHHE_VAR    photoionization heating rate [erg/s],           
 ParticlesMain/ray_pe/MultiSourceSimple[] 
 []


Overfull \hbox (13.85547pt too wide) in paragraph at lines 1819--1819
[]\OT1/cmtt/m/n/10 PEFL_VAR    photoelectric flux [Habing units, scaled erg/s],
 ParticlesMain/ray_pe/MultiSourceSimple[] 
 []


Overfull \hbox (13.85547pt too wide) in paragraph at lines 1819--1819
[]\OT1/cmtt/m/n/10 UVFL_VAR    scratch var for photoionizing flux [erg/s],     
 ParticlesMain/ray_pe/MultiSourceSimple[] 
 []


Overfull \hbox (13.85547pt too wide) in paragraph at lines 1819--1819
[]\OT1/cmtt/m/n/10 FUFL_VAR    scratch var for photoelectric flux [erg/s],     
 ParticlesMain/ray_pe/MultiSourceSimple[] 
 []

[24]
Overfull \hbox (12.28334pt too wide) in paragraph at lines 1900--1905
[]\OT1/cmr/bx/n/10 Answer: \OT1/cmr/m/n/10 look at \OT1/cmtt/m/n/10 bin/setup[]
shortcuts.txt\OT1/cmr/m/n/10 , \OT1/cmtt/m/n/10 object/setup[]call\OT1/cmr/m/n/
10 , \OT1/cmtt/m/n/10 object/setup[]params\OT1/cmr/m/n/10 , \OT1/cmtt/m/n/10 ob
ject/setup[]units\OT1/cmr/m/n/10 . 
 []


Overfull \hbox (12.13544pt too wide) in paragraph at lines 1936--1940
[]\OT1/cmr/bx/n/10 Answer: [][]$\OT1/cmtt/m/n/10 http : / / flash . uchicago . 
edu / pipermail / flash-[]users / 2015-[]February / 001637 . html$[][] \OT1/cmr
/m/n/10 See also [][]$\OT1/cmtt/m/n/10 http :
 []

[25]
Package atveryend Info: Empty hook `BeforeClearDocument' on input line 1969.
 [26]
Package atveryend Info: Empty hook `AfterLastShipout' on input line 1969.
 (./main.aux)
Package atveryend Info: Executing hook `AtVeryEndDocument' on input line 1969.
Package atveryend Info: Executing hook `AtEndAfterFileList' on input line 1969.

Package rerunfilecheck Info: File `main.out' has not changed.
(rerunfilecheck)             Checksum: 8C3CBADCD4689327A86A2CEE1D20D5F5;3486.
Package atveryend Info: Empty hook `AtVeryVeryEnd' on input line 1969.
 ) 
Here is how much of TeX's memory you used:
 9509 strings out of 492995
 141450 string characters out of 6132704
 283165 words of memory out of 5000000
 12756 multiletter control sequences out of 15000+600000
 10622 words of font info for 41 fonts, out of 8000000 for 9000
 1141 hyphenation exceptions out of 8191
 36i,14n,51p,495b,1742s stack positions out of 5000i,500n,10000p,200000b,80000s
</usr/local/texlive/2017/texmf-dist/fonts/type1/public/amsfonts/cm/cmbx10.pfb
></usr/local/texlive/2017/texmf-dist/fonts/type1/public/amsfonts/cm/cmbx12.pfb>
</usr/local/texlive/2017/texmf-dist/fonts/type1/public/amsfonts/cm/cmex10.pfb><
/usr/local/texlive/2017/texmf-dist/fonts/type1/public/amsfonts/cm/cmmi10.pfb></
usr/local/texlive/2017/texmf-dist/fonts/type1/public/amsfonts/cm/cmmi5.pfb></us
r/local/texlive/2017/texmf-dist/fonts/type1/public/amsfonts/cm/cmmi7.pfb></usr/
local/texlive/2017/texmf-dist/fonts/type1/public/amsfonts/cm/cmmib10.pfb></usr/
local/texlive/2017/texmf-dist/fonts/type1/public/amsfonts/cm/cmr10.pfb></usr/lo
cal/texlive/2017/texmf-dist/fonts/type1/public/amsfonts/cm/cmr5.pfb></usr/local
/texlive/2017/texmf-dist/fonts/type1/public/amsfonts/cm/cmr7.pfb></usr/local/te
xlive/2017/texmf-dist/fonts/type1/public/amsfonts/cm/cmsy10.pfb></usr/local/tex
live/2017/texmf-dist/fonts/type1/public/amsfonts/cm/cmsy7.pfb></usr/local/texli
ve/2017/texmf-dist/fonts/type1/public/amsfonts/cm/cmti10.pfb></usr/local/texliv
e/2017/texmf-dist/fonts/type1/public/amsfonts/cm/cmtt10.pfb></usr/local/texlive
/2017/texmf-dist/fonts/type1/public/amsfonts/cm/cmtt9.pfb>
Output written on main.pdf (26 pages, 698151 bytes).
PDF statistics:
 1000 PDF objects out of 1000 (max. 8388607)
 661 compressed objects within 7 object streams
 179 named destinations out of 1000 (max. 500000)
 433 words of extra memory for PDF output out of 10000 (max. 10000000)

